<?xml version="1.0" encoding="UTF-8"?>
<testsuite xmlns:xsi="http://www.w3.org/2001/XMLSchema-instance" xsi:noNamespaceSchemaLocation="https://maven.apache.org/surefire/maven-surefire-plugin/xsd/surefire-test-report-3.0.xsd" version="3.0" name="org.example.CaesarTest" time="0.027" tests="12" errors="0" skipped="0" failures="0">
  <properties>
[...]
</properties>
  <testcase name="withSpaces" classname="org.example.CaesarTest" time="0.011"/>
  <testcase name="numbersRemainSame" classname="org.example.CaesarTest" time="0.0"/>
  <testcase name="bigKey" classname="org.example.CaesarTest" time="0.001"/>
  <testcase name="punctuationRemainSame" classname="org.example.CaesarTest" time="0.001"/>
  <testcase name="decryptLowerCase" classname="org.example.CaesarTest" time="0.0"/>
  <testcase name="encryptLowerCase" classname="org.example.CaesarTest" time="0.001"/>
  <testcase name="negativeKey" classname="org.example.CaesarTest" time="0.0"/>
  <testcase name="decryptUpperCase" classname="org.example.CaesarTest" time="0.001"/>
  <testcase name="alphabetWrap" classname="org.example.CaesarTest" time="0.0"/>
  <testcase name="encryptUpperCase" classname="org.example.CaesarTest" time="0.0"/>
  <testcase name="mixedCase" classname="org.example.CaesarTest" time="0.0"/>
  <testcase name="emptyString" classname="org.example.CaesarTest" time="0.0"/>
</testsuite>